<?xml version="1.0" encoding="UTF-8"?>
<!-- Generated by org.testng.reporters.JUnitReportReporter -->
<testsuite skipped="0" hostname="SOHAN-PC" name="runner.Runner1" tests="1" failures="0" timestamp="2021-12-21T15:46:08 IST" time="0.281" errors="0">
  <testcase name="runScenario" time="0.281" classname="runner.Runner1"/>
  <system-out/>
</testsuite> <!-- runner.Runner1 -->
